INFO    : Building target web
INFO    : XSL conversion of C:\Users\maley\OneDrive\Documents\GitHub\flcc_algebratext\_MAT097AlgebraTextbook\ptx\david\source\main.ptx by C:\Users\maley\.ptx\2.29.0\core\xsl\utilities\pretext-enhanced-source.xsl
INFO    : successful application of C:\Users\maley\.ptx\2.29.0\core\xsl\utilities\pretext-enhanced-source.xsl
INFO    : Generating any needed assets.
INFO    : XSL conversion of C:\Users\maley\OneDrive\Documents\GitHub\flcc_algebratext\_MAT097AlgebraTextbook\ptx\david\source\main.ptx by C:\Users\maley\.ptx\2.29.0\core\xsl\utilities\pretext-enhanced-source.xsl
INFO    : successful application of C:\Users\maley\.ptx\2.29.0\core\xsl\utilities\pretext-enhanced-source.xsl
INFO    : XSL conversion of C:\Users\maley\OneDrive\Documents\GitHub\flcc_algebratext\_MAT097AlgebraTextbook\ptx\david\source\main.ptx by C:\Users\maley\.ptx\2.29.0\core\xsl\utilities\pretext-enhanced-source.xsl
INFO    : successful application of C:\Users\maley\.ptx\2.29.0\core\xsl\utilities\pretext-enhanced-source.xsl
INFO    : XSL conversion of C:\Users\maley\OneDrive\Documents\GitHub\flcc_algebratext\_MAT097AlgebraTextbook\ptx\david\source\main.ptx by C:\Users\maley\.ptx\2.29.0\core\xsl\utilities\pretext-enhanced-source.xsl
INFO    : successful application of C:\Users\maley\.ptx\2.29.0\core\xsl\utilities\pretext-enhanced-source.xsl
INFO    : XSL conversion of C:\Users\maley\OneDrive\Documents\GitHub\flcc_algebratext\_MAT097AlgebraTextbook\ptx\david\source\main.ptx by C:\Users\maley\.ptx\2.29.0\core\xsl\utilities\pretext-enhanced-source.xsl
INFO    : successful application of C:\Users\maley\.ptx\2.29.0\core\xsl\utilities\pretext-enhanced-source.xsl
INFO    : XSL conversion of C:\Users\maley\OneDrive\Documents\GitHub\flcc_algebratext\_MAT097AlgebraTextbook\ptx\david\source\main.ptx by C:\Users\maley\.ptx\2.29.0\core\xsl\utilities\pretext-enhanced-source.xsl
INFO    : successful application of C:\Users\maley\.ptx\2.29.0\core\xsl\utilities\pretext-enhanced-source.xsl
INFO    : XSL conversion of C:\Users\maley\OneDrive\Documents\GitHub\flcc_algebratext\_MAT097AlgebraTextbook\ptx\david\source\main.ptx by C:\Users\maley\.ptx\2.29.0\core\xsl\utilities\pretext-enhanced-source.xsl
INFO    : successful application of C:\Users\maley\.ptx\2.29.0\core\xsl\utilities\pretext-enhanced-source.xsl
INFO    : XSL conversion of C:\Users\maley\OneDrive\Documents\GitHub\flcc_algebratext\_MAT097AlgebraTextbook\ptx\david\source\main.ptx by C:\Users\maley\.ptx\2.29.0\core\xsl\utilities\pretext-enhanced-source.xsl
INFO    : successful application of C:\Users\maley\.ptx\2.29.0\core\xsl\utilities\pretext-enhanced-source.xsl
INFO    : XSL conversion of C:\Users\maley\OneDrive\Documents\GitHub\flcc_algebratext\_MAT097AlgebraTextbook\ptx\david\source\main.ptx by C:\Users\maley\.ptx\2.29.0\core\xsl\utilities\pretext-enhanced-source.xsl
INFO    : successful application of C:\Users\maley\.ptx\2.29.0\core\xsl\utilities\pretext-enhanced-source.xsl
INFO    : XSL conversion of C:\Users\maley\OneDrive\Documents\GitHub\flcc_algebratext\_MAT097AlgebraTextbook\ptx\david\source\main.ptx by C:\Users\maley\.ptx\2.29.0\core\xsl\utilities\pretext-enhanced-source.xsl
INFO    : successful application of C:\Users\maley\.ptx\2.29.0\core\xsl\utilities\pretext-enhanced-source.xsl
INFO    : XSL conversion of C:\Users\maley\OneDrive\Documents\GitHub\flcc_algebratext\_MAT097AlgebraTextbook\ptx\david\source\main.ptx by C:\Users\maley\.ptx\2.29.0\core\xsl\utilities\pretext-enhanced-source.xsl
INFO    : successful application of C:\Users\maley\.ptx\2.29.0\core\xsl\utilities\pretext-enhanced-source.xsl
INFO    : XSL conversion of C:\Users\maley\OneDrive\Documents\GitHub\flcc_algebratext\_MAT097AlgebraTextbook\ptx\david\source\main.ptx by C:\Users\maley\.ptx\2.29.0\core\xsl\utilities\pretext-enhanced-source.xsl
INFO    : successful application of C:\Users\maley\.ptx\2.29.0\core\xsl\utilities\pretext-enhanced-source.xsl
INFO    : XSL conversion of C:\Users\maley\OneDrive\Documents\GitHub\flcc_algebratext\_MAT097AlgebraTextbook\ptx\david\source\main.ptx by C:\Users\maley\.ptx\2.29.0\core\xsl\utilities\pretext-enhanced-source.xsl
INFO    : successful application of C:\Users\maley\.ptx\2.29.0\core\xsl\utilities\pretext-enhanced-source.xsl
INFO    : XSL conversion of C:\Users\maley\OneDrive\Documents\GitHub\flcc_algebratext\_MAT097AlgebraTextbook\ptx\david\source\main.ptx by C:\Users\maley\.ptx\2.29.0\core\xsl\utilities\pretext-enhanced-source.xsl
INFO    : successful application of C:\Users\maley\.ptx\2.29.0\core\xsl\utilities\pretext-enhanced-source.xsl
INFO    : XSL conversion of C:\Users\maley\OneDrive\Documents\GitHub\flcc_algebratext\_MAT097AlgebraTextbook\ptx\david\source\main.ptx by C:\Users\maley\.ptx\2.29.0\core\xsl\utilities\pretext-enhanced-source.xsl
INFO    : successful application of C:\Users\maley\.ptx\2.29.0\core\xsl\utilities\pretext-enhanced-source.xsl
INFO    : XSL conversion of C:\Users\maley\OneDrive\Documents\GitHub\flcc_algebratext\_MAT097AlgebraTextbook\ptx\david\source\main.ptx by C:\Users\maley\.ptx\2.29.0\core\xsl\utilities\pretext-enhanced-source.xsl
INFO    : successful application of C:\Users\maley\.ptx\2.29.0\core\xsl\utilities\pretext-enhanced-source.xsl
INFO    : XSL conversion of C:\Users\maley\OneDrive\Documents\GitHub\flcc_algebratext\_MAT097AlgebraTextbook\ptx\david\source\main.ptx by C:\Users\maley\.ptx\2.29.0\core\xsl\utilities\pretext-enhanced-source.xsl
INFO    : successful application of C:\Users\maley\.ptx\2.29.0\core\xsl\utilities\pretext-enhanced-source.xsl
INFO    : XSL conversion of C:\Users\maley\OneDrive\Documents\GitHub\flcc_algebratext\_MAT097AlgebraTextbook\ptx\david\source\main.ptx by C:\Users\maley\.ptx\2.29.0\core\xsl\utilities\pretext-enhanced-source.xsl
INFO    : successful application of C:\Users\maley\.ptx\2.29.0\core\xsl\utilities\pretext-enhanced-source.xsl
INFO    : Finished generating assets.

INFO    : Preparing to build into C:\Users\maley\OneDrive\Documents\GitHub\flcc_algebratext\_MAT097AlgebraTextbook\ptx\david\output\web.
INFO    : discovering source file's directory name: C:\Users\maley\OneDrive\Documents\GitHub\flcc_algebratext\_MAT097AlgebraTextbook\ptx\david\source
INFO    : verifying and expanding input directory: C:\Users\maley\OneDrive\Documents\GitHub\flcc_algebratext\_MAT097AlgebraTextbook\ptx\david\source\../generated-assets
INFO    : input directory expanded to absolute path: C:\Users\maley\OneDrive\Documents\GitHub\flcc_algebratext\_MAT097AlgebraTextbook\ptx\david\generated-assets
INFO    : verifying and expanding input directory: C:\Users\maley\OneDrive\Documents\GitHub\flcc_algebratext\_MAT097AlgebraTextbook\ptx\david\source\../assets
INFO    : input directory expanded to absolute path: C:\Users\maley\OneDrive\Documents\GitHub\flcc_algebratext\_MAT097AlgebraTextbook\ptx\david\assets
INFO    : discovering source file's directory name: C:\Users\maley\OneDrive\Documents\GitHub\flcc_algebratext\_MAT097AlgebraTextbook\ptx\david\source
INFO    : XSL conversion of C:\Users\maley\OneDrive\Documents\GitHub\flcc_algebratext\_MAT097AlgebraTextbook\ptx\david\source\main.ptx by C:\Users\maley\.ptx\2.29.0\core\xsl\utilities\report-publisher-variables.xsl
INFO    : successful application of C:\Users\maley\.ptx\2.29.0\core\xsl\utilities\report-publisher-variables.xsl
INFO    : Downloading rs services file from https://runestone.academy/cdn/runestone/latest/webpack_static_imports.xml.
INFO    : Runestone Services via online CDN query: version 7.9.10
INFO    : Downloading Runestone Services, version 7.9.10
INFO    : Extracting Runestone Services from archive file
INFO    : Building custom css theme: theme-default-modern
INFO    : converting C:\Users\maley\OneDrive\Documents\GitHub\flcc_algebratext\_MAT097AlgebraTextbook\ptx\david\source\main.ptx to HTML in C:\Users\maley\AppData\Local\Temp\ptx-t62gguzr
INFO    : XSL conversion of C:\Users\maley\OneDrive\Documents\GitHub\flcc_algebratext\_MAT097AlgebraTextbook\ptx\david\source\main.ptx by C:\Users\maley\.ptx\2.29.0\core\xsl\pretext-html.xsl
INFO    : messages from the log for XSL processing:
INFO    : * PTX:INFO:   checking ONLY the last TWO YEARS of element deprecations.
Rerun with the string parameter "author.deprecations.all" set to "yes" to check your source against all deprecations.
WARNING : * PTX:DEPRECATE: (2024-10-08) elements previously included in a "titlepage" element inside the "frontmatter" (author, editor, credit, date, and event) should now be placed in "frontmatter/bibinfo".  To ensure a title page is created, put only the empty element "titlepage-items" inside "titlepage".  Until you move these elements, we will try to honor your intent. (1 time)
INFO    : *              located within: "Algebra and Introduction to Functions" (title)
INFO    : * --------------
INFO    : successful application of C:\Users\maley\.ptx\2.29.0\core\xsl\pretext-html.xsl
INFO    : Removing temporary directory C:\Users\maley\AppData\Local\Temp\ptx-t62gguzr
ERROR   : Unable to release temporary directories.  Please report this error to pretext-support
INFO    : 
Finished build for target web. Run `pretext view web` to see the results.

CRITICAL: There were errors during the build.  See above.
INFO    : ------------------------
CRITICAL: Failed to build without errors.  Exiting...
INFO    : 
----------------------------------------------------
INFO    : While running pretext, the following errors occurred:

INFO    : (see log messages above or in the 'logs' folder for more information)
INFO    : ----------------------------------------------------
